<?xml version="1.0" encoding="UTF-8"?>
<testng-results ignored="0" total="1" passed="1" failed="0" skipped="0">
  <reporter-output>
  </reporter-output>
  <suite started-at="2022-03-23T13:04:51 IST" name="Default suite" finished-at="2022-03-23T13:05:06 IST" duration-ms="14424">
    <groups>
    </groups>
    <test started-at="2022-03-23T13:04:51 IST" name="Default test" finished-at="2022-03-23T13:05:06 IST" duration-ms="14424">
      <class name="com.crm.vtiger.Demo.LoginUsingParameterTest">
        <test-method signature="getData()[pri:0, instance:com.crm.vtiger.Demo.LoginUsingParameterTest@68c72235]" started-at="2022-03-23T13:04:51 IST" name="getData" finished-at="2022-03-23T13:05:06 IST" duration-ms="14395" status="PASS">
          <reporter-output>
          </reporter-output>
        </test-method> <!-- getData -->
      </class> <!-- com.crm.vtiger.Demo.LoginUsingParameterTest -->
    </test> <!-- Default test -->
  </suite> <!-- Default suite -->
</testng-results>
